16:56:12.184 [main] INFO  org.testng.internal.Utils - [TestNG] Running:
  D:\Selenium_One_Final_Project\Ecommerce_Opencart_Final\Master.xml

16:56:14.916 [main] INFO  testCases.TC001_AccountRegistrationTest - Test Case 001 has started successfully
16:56:15.455 [main] INFO  testCases.TC001_AccountRegistrationTest - Account Registration has started
16:56:16.764 [main] INFO  testCases.TC001_AccountRegistrationTest - TC001 has completed successfully
16:56:44.592 [main] INFO  org.testng.internal.Utils - [TestNG] Running:
  D:\Selenium_One_Final_Project\Ecommerce_Opencart_Final\Master.xml

16:56:47.657 [main] INFO  testCases.TC001_AccountRegistrationTest - Test Case 001 has started successfully
16:56:48.067 [main] INFO  testCases.TC001_AccountRegistrationTest - Account Registration has started
16:56:49.430 [main] INFO  testCases.TC001_AccountRegistrationTest - TC001 has completed successfully
16:57:18.093 [main] INFO  org.testng.internal.Utils - [TestNG] Running:
  D:\Selenium_One_Final_Project\Ecommerce_Opencart_Final\Master.xml

16:57:22.548 [main] INFO  testCases.TC001_AccountRegistrationTest - Test Case 001 has started successfully
16:57:23.042 [main] INFO  testCases.TC001_AccountRegistrationTest - Account Registration has started
16:57:24.348 [main] INFO  testCases.TC001_AccountRegistrationTest - TC001 has completed successfully
17:00:01.167 [main] INFO  org.testng.internal.Utils - [TestNG] Running:
  D:\Selenium_One_Final_Project\Ecommerce_Opencart_Final\crossbrowser_parallel.xml

17:00:03.949 [main] INFO  testCases.TC001_AccountRegistrationTest - Test Case 001 has started successfully
17:00:05.256 [main] INFO  testCases.TC001_AccountRegistrationTest - Account Registration has started
17:00:06.498 [main] INFO  testCases.TC001_AccountRegistrationTest - TC001 has completed successfully
17:00:11.426 [main] INFO  testCases.TC001_AccountRegistrationTest - Test Case 001 has started successfully
17:00:11.909 [main] INFO  testCases.TC001_AccountRegistrationTest - Account Registration has started
17:00:13.396 [main] INFO  testCases.TC001_AccountRegistrationTest - TC001 has completed successfully
17:01:00.880 [main] INFO  testCases.TC001_AccountRegistrationTest - Test Case 001 has started successfully
17:01:01.352 [main] INFO  testCases.TC001_AccountRegistrationTest - Account Registration has started
17:01:02.521 [main] INFO  testCases.TC001_AccountRegistrationTest - TC001 has completed successfully
17:01:30.681 [main] INFO  org.testng.internal.Utils - [TestNG] Running:
  D:\Selenium_One_Final_Project\Ecommerce_Opencart_Final\crossbrowser_parallel.xml

17:01:36.409 [TestNG-tests-1] INFO  testCases.TC001_AccountRegistrationTest - Test Case 001 has started successfully
17:01:37.263 [TestNG-tests-2] INFO  testCases.TC001_AccountRegistrationTest - Test Case 001 has started successfully
17:01:38.385 [TestNG-tests-1] INFO  testCases.TC001_AccountRegistrationTest - Account Registration has started
17:01:39.814 [TestNG-tests-2] INFO  testCases.TC001_AccountRegistrationTest - Account Registration has started
17:01:42.549 [TestNG-tests-1] INFO  testCases.TC001_AccountRegistrationTest - TC001 has completed successfully
17:01:43.712 [TestNG-tests-2] INFO  testCases.TC001_AccountRegistrationTest - TC001 has completed successfully
17:01:44.048 [TestNG-tests-3] INFO  testCases.TC001_AccountRegistrationTest - Test Case 001 has started successfully
17:01:44.976 [TestNG-tests-3] INFO  testCases.TC001_AccountRegistrationTest - Account Registration has started
17:01:46.307 [TestNG-tests-3] INFO  testCases.TC001_AccountRegistrationTest - TC001 has completed successfully
17:10:13.403 [main] INFO  org.testng.internal.Utils - [Utils] MethodGroupsHelper.collectMethodsByGroup() took 0 ms.
17:10:13.409 [main] INFO  org.testng.internal.Utils - [Utils] MethodGroupsHelper.sortMethods() took 1 ms.
17:10:13.412 [main] INFO  org.testng.internal.Utils - [Utils] MethodGroupsHelper.collectMethodsByGroup() took 0 ms.
17:10:13.412 [main] INFO  org.testng.internal.Utils - [Utils] MethodGroupsHelper.sortMethods() took 0 ms.
17:10:13.413 [main] INFO  org.testng.internal.Utils - [Utils] MethodGroupsHelper.collectMethodsByGroup() took 0 ms.
17:10:13.414 [main] INFO  org.testng.internal.Utils - [Utils] MethodGroupsHelper.sortMethods() took 0 ms.
17:10:13.414 [main] INFO  org.testng.internal.Utils - [Utils] MethodGroupsHelper.collectMethodsByGroup() took 0 ms.
17:10:13.414 [main] INFO  org.testng.internal.Utils - [Utils] MethodGroupsHelper.sortMethods() took 0 ms.
17:10:13.419 [main] INFO  org.testng.internal.Utils - [Utils] MethodGroupsHelper.collectMethodsByGroup() took 1 ms.
17:10:13.434 [main] INFO  org.testng.internal.Utils - [Utils] MethodGroupsHelper.sortMethods() took 15 ms.
17:10:13.435 [main] INFO  org.testng.internal.Utils - [Utils] MethodGroupsHelper.collectMethodsByGroup() took 0 ms.
17:10:13.436 [main] INFO  org.testng.internal.Utils - [Utils] MethodGroupsHelper.sortMethods() took 1 ms.
17:10:13.437 [main] INFO  org.testng.internal.Utils - [Utils] MethodGroupsHelper.collectMethodsByGroup() took 0 ms.
17:10:13.437 [main] INFO  org.testng.internal.Utils - [Utils] MethodGroupsHelper.sortMethods() took 0 ms.
17:10:13.437 [main] INFO  org.testng.internal.Utils - [Utils] MethodGroupsHelper.collectMethodsByGroup() took 0 ms.
17:10:13.437 [main] INFO  org.testng.internal.Utils - [Utils] MethodGroupsHelper.sortMethods() took 0 ms.
17:10:13.440 [main] INFO  org.testng.internal.Utils - [Utils] MethodGroupsHelper.collectMethodsByGroup() took 0 ms.
17:10:13.441 [main] INFO  org.testng.internal.Utils - [Utils] MethodGroupsHelper.sortMethods() took 0 ms.
17:10:13.441 [main] INFO  org.testng.internal.Utils - [Utils] MethodGroupsHelper.collectMethodsByGroup() took 0 ms.
17:10:13.441 [main] INFO  org.testng.internal.Utils - [Utils] MethodGroupsHelper.sortMethods() took 0 ms.
17:10:13.443 [main] INFO  org.testng.internal.Utils - [Utils] MethodGroupsHelper.collectMethodsByGroup() took 0 ms.
17:10:13.444 [main] INFO  org.testng.internal.Utils - [Utils] MethodGroupsHelper.sortMethods() took 0 ms.
17:10:13.444 [main] INFO  org.testng.internal.Utils - [Utils] MethodGroupsHelper.collectMethodsByGroup() took 0 ms.
17:10:13.444 [main] INFO  org.testng.internal.Utils - [Utils] MethodGroupsHelper.sortMethods() took 0 ms.
17:10:13.448 [main] INFO  org.testng.internal.Utils - [Utils] MethodGroupsHelper.collectMethodsByGroup() took 1 ms.
17:10:13.453 [main] INFO  org.testng.internal.Utils - [Utils] MethodGroupsHelper.sortMethods() took 4 ms.
17:10:13.456 [main] INFO  org.testng.internal.Utils - [Utils] MethodGroupsHelper.collectMethodsByGroup() took 0 ms.
17:10:13.459 [main] INFO  org.testng.internal.Utils - [Utils] MethodGroupsHelper.sortMethods() took 0 ms.
17:10:13.460 [main] INFO  org.testng.internal.Utils - [Utils] MethodGroupsHelper.collectMethodsByGroup() took 0 ms.
17:10:13.460 [main] INFO  org.testng.internal.Utils - [Utils] MethodGroupsHelper.sortMethods() took 0 ms.
17:10:13.468 [main] INFO  org.testng.internal.Utils - [TestNG] Running:
  C:\Users\sidkh\AppData\Local\Temp\testng-eclipse--1179430923\testng-customsuite.xml

17:10:13.488 [main] INFO  org.testng.internal.Utils - [Utils] DynamicGraphHelper.createDynamicGraph() took 4 ms.
17:10:13.683 [main] INFO  org.testng.internal.Utils - [TestNG] Time taken by org.testng.reporters.jq.Main@5118388b: 80 ms
17:10:13.699 [main] INFO  org.testng.internal.Utils - [TestNG] Time taken by org.testng.reporters.FailedReporter@2c177f9e: 15 ms
17:10:13.716 [main] INFO  org.testng.internal.Utils - [TestNG] Time taken by org.testng.reporters.XMLReporter@11acdc30: 16 ms
17:10:13.729 [main] INFO  org.testng.internal.Utils - [TestNG] Time taken by org.testng.reporters.EmailableReporter2@a1217f9: 13 ms
17:10:13.734 [main] INFO  org.testng.internal.Utils - [TestNG] Time taken by org.testng.reporters.JUnitReportReporter@a7e2d9d: 4 ms
17:10:13.734 [main] INFO  org.testng.internal.Utils - [TestNG] Time taken by org.testng.internal.ExitCodeListener@754777cd: 0 ms
17:11:09.107 [main] INFO  org.testng.internal.Utils - [Utils] MethodGroupsHelper.collectMethodsByGroup() took 0 ms.
17:11:09.115 [main] INFO  org.testng.internal.Utils - [Utils] MethodGroupsHelper.sortMethods() took 1 ms.
17:11:09.116 [main] INFO  org.testng.internal.Utils - [Utils] MethodGroupsHelper.collectMethodsByGroup() took 0 ms.
17:11:09.117 [main] INFO  org.testng.internal.Utils - [Utils] MethodGroupsHelper.sortMethods() took 0 ms.
17:11:09.117 [main] INFO  org.testng.internal.Utils - [Utils] MethodGroupsHelper.collectMethodsByGroup() took 0 ms.
17:11:09.118 [main] INFO  org.testng.internal.Utils - [Utils] MethodGroupsHelper.sortMethods() took 0 ms.
17:11:09.118 [main] INFO  org.testng.internal.Utils - [Utils] MethodGroupsHelper.collectMethodsByGroup() took 0 ms.
17:11:09.119 [main] INFO  org.testng.internal.Utils - [Utils] MethodGroupsHelper.sortMethods() took 1 ms.
17:11:09.124 [main] INFO  org.testng.internal.Utils - [Utils] MethodGroupsHelper.collectMethodsByGroup() took 1 ms.
17:11:09.135 [main] INFO  org.testng.internal.Utils - [Utils] MethodGroupsHelper.sortMethods() took 11 ms.
17:11:09.138 [main] INFO  org.testng.internal.Utils - [Utils] MethodGroupsHelper.collectMethodsByGroup() took 1 ms.
17:11:09.138 [main] INFO  org.testng.internal.Utils - [Utils] MethodGroupsHelper.sortMethods() took 0 ms.
17:11:09.139 [main] INFO  org.testng.internal.Utils - [Utils] MethodGroupsHelper.collectMethodsByGroup() took 0 ms.
17:11:09.139 [main] INFO  org.testng.internal.Utils - [Utils] MethodGroupsHelper.sortMethods() took 0 ms.
17:11:09.139 [main] INFO  org.testng.internal.Utils - [Utils] MethodGroupsHelper.collectMethodsByGroup() took 0 ms.
17:11:09.139 [main] INFO  org.testng.internal.Utils - [Utils] MethodGroupsHelper.sortMethods() took 0 ms.
17:11:09.141 [main] INFO  org.testng.internal.Utils - [Utils] MethodGroupsHelper.collectMethodsByGroup() took 0 ms.
17:11:09.141 [main] INFO  org.testng.internal.Utils - [Utils] MethodGroupsHelper.sortMethods() took 0 ms.
17:11:09.142 [main] INFO  org.testng.internal.Utils - [Utils] MethodGroupsHelper.collectMethodsByGroup() took 0 ms.
17:11:09.142 [main] INFO  org.testng.internal.Utils - [Utils] MethodGroupsHelper.sortMethods() took 0 ms.
17:11:09.146 [main] INFO  org.testng.internal.Utils - [Utils] MethodGroupsHelper.collectMethodsByGroup() took 0 ms.
17:11:09.146 [main] INFO  org.testng.internal.Utils - [Utils] MethodGroupsHelper.sortMethods() took 0 ms.
17:11:09.146 [main] INFO  org.testng.internal.Utils - [Utils] MethodGroupsHelper.collectMethodsByGroup() took 0 ms.
17:11:09.146 [main] INFO  org.testng.internal.Utils - [Utils] MethodGroupsHelper.sortMethods() took 0 ms.
17:11:09.149 [main] INFO  org.testng.internal.Utils - [Utils] MethodGroupsHelper.collectMethodsByGroup() took 0 ms.
17:11:09.151 [main] INFO  org.testng.internal.Utils - [Utils] MethodGroupsHelper.sortMethods() took 1 ms.
17:11:09.156 [main] INFO  org.testng.internal.Utils - [Utils] MethodGroupsHelper.collectMethodsByGroup() took 0 ms.
17:11:09.156 [main] INFO  org.testng.internal.Utils - [Utils] MethodGroupsHelper.sortMethods() took 0 ms.
17:11:09.158 [main] INFO  org.testng.internal.Utils - [Utils] MethodGroupsHelper.collectMethodsByGroup() took 0 ms.
17:11:09.158 [main] INFO  org.testng.internal.Utils - [Utils] MethodGroupsHelper.sortMethods() took 0 ms.
17:11:09.167 [main] INFO  org.testng.internal.Utils - [TestNG] Running:
  C:\Users\sidkh\AppData\Local\Temp\testng-eclipse--795774973\testng-customsuite.xml

17:11:09.187 [main] INFO  org.testng.internal.Utils - [Utils] DynamicGraphHelper.createDynamicGraph() took 3 ms.
17:11:09.389 [main] INFO  org.testng.internal.Utils - [TestNG] Time taken by org.testng.reporters.jq.Main@5118388b: 82 ms
17:11:09.413 [main] INFO  org.testng.internal.Utils - [TestNG] Time taken by org.testng.reporters.FailedReporter@2c177f9e: 20 ms
17:11:09.437 [main] INFO  org.testng.internal.Utils - [TestNG] Time taken by org.testng.reporters.XMLReporter@11acdc30: 24 ms
17:11:09.451 [main] INFO  org.testng.internal.Utils - [TestNG] Time taken by org.testng.reporters.EmailableReporter2@a1217f9: 14 ms
17:11:09.457 [main] INFO  org.testng.internal.Utils - [TestNG] Time taken by org.testng.reporters.JUnitReportReporter@a7e2d9d: 6 ms
17:11:09.458 [main] INFO  org.testng.internal.Utils - [TestNG] Time taken by org.testng.internal.ExitCodeListener@754777cd: 0 ms
17:13:19.608 [main] INFO  org.testng.internal.Utils - [TestNG] Running:
  D:\Selenium_One_Final_Project\Ecommerce_Opencart_Final\Master.xml

17:13:47.048 [main] INFO  org.testng.internal.Utils - [TestNG] Running:
  D:\Selenium_One_Final_Project\Ecommerce_Opencart_Final\Master.xml

17:14:26.883 [main] INFO  org.testng.internal.Utils - [TestNG] Running:
  D:\Selenium_One_Final_Project\Ecommerce_Opencart_Final\Master.xml

17:15:12.093 [main] INFO  org.testng.internal.Utils - [TestNG] Running:
  D:\Selenium_One_Final_Project\Ecommerce_Opencart_Final\Master.xml

17:16:41.793 [main] INFO  org.testng.internal.Utils - [TestNG] Running:
  D:\Selenium_One_Final_Project\Ecommerce_Opencart_Final\Master.xml

17:17:52.459 [main] INFO  org.testng.internal.Utils - [TestNG] Running:
  D:\Selenium_One_Final_Project\Ecommerce_Opencart_Final\Master.xml

17:18:37.191 [main] INFO  org.testng.internal.Utils - [Utils] MethodGroupsHelper.collectMethodsByGroup() took 1 ms.
17:18:37.195 [main] INFO  org.testng.internal.Utils - [Utils] MethodGroupsHelper.sortMethods() took 1 ms.
17:18:37.201 [main] INFO  org.testng.internal.Utils - [Utils] MethodGroupsHelper.collectMethodsByGroup() took 0 ms.
17:18:37.202 [main] INFO  org.testng.internal.Utils - [Utils] MethodGroupsHelper.sortMethods() took 0 ms.
17:18:37.204 [main] INFO  org.testng.internal.Utils - [Utils] MethodGroupsHelper.collectMethodsByGroup() took 0 ms.
17:18:37.204 [main] INFO  org.testng.internal.Utils - [Utils] MethodGroupsHelper.sortMethods() took 0 ms.
17:18:37.205 [main] INFO  org.testng.internal.Utils - [Utils] MethodGroupsHelper.collectMethodsByGroup() took 0 ms.
17:18:37.205 [main] INFO  org.testng.internal.Utils - [Utils] MethodGroupsHelper.sortMethods() took 0 ms.
17:18:37.210 [main] INFO  org.testng.internal.Utils - [Utils] MethodGroupsHelper.collectMethodsByGroup() took 3 ms.
17:18:37.225 [main] INFO  org.testng.internal.Utils - [Utils] MethodGroupsHelper.sortMethods() took 14 ms.
17:18:37.226 [main] INFO  org.testng.internal.Utils - [Utils] MethodGroupsHelper.collectMethodsByGroup() took 0 ms.
17:18:37.227 [main] INFO  org.testng.internal.Utils - [Utils] MethodGroupsHelper.sortMethods() took 1 ms.
17:18:37.229 [main] INFO  org.testng.internal.Utils - [Utils] MethodGroupsHelper.collectMethodsByGroup() took 0 ms.
17:18:37.229 [main] INFO  org.testng.internal.Utils - [Utils] MethodGroupsHelper.sortMethods() took 0 ms.
17:18:37.230 [main] INFO  org.testng.internal.Utils - [Utils] MethodGroupsHelper.collectMethodsByGroup() took 0 ms.
17:18:37.231 [main] INFO  org.testng.internal.Utils - [Utils] MethodGroupsHelper.sortMethods() took 0 ms.
17:18:37.234 [main] INFO  org.testng.internal.Utils - [Utils] MethodGroupsHelper.collectMethodsByGroup() took 0 ms.
17:18:37.234 [main] INFO  org.testng.internal.Utils - [Utils] MethodGroupsHelper.sortMethods() took 0 ms.
17:18:37.234 [main] INFO  org.testng.internal.Utils - [Utils] MethodGroupsHelper.collectMethodsByGroup() took 0 ms.
17:18:37.235 [main] INFO  org.testng.internal.Utils - [Utils] MethodGroupsHelper.sortMethods() took 0 ms.
17:18:37.237 [main] INFO  org.testng.internal.Utils - [Utils] MethodGroupsHelper.collectMethodsByGroup() took 0 ms.
17:18:37.237 [main] INFO  org.testng.internal.Utils - [Utils] MethodGroupsHelper.sortMethods() took 0 ms.
17:18:37.237 [main] INFO  org.testng.internal.Utils - [Utils] MethodGroupsHelper.collectMethodsByGroup() took 0 ms.
17:18:37.238 [main] INFO  org.testng.internal.Utils - [Utils] MethodGroupsHelper.sortMethods() took 0 ms.
17:18:37.241 [main] INFO  org.testng.internal.Utils - [Utils] MethodGroupsHelper.collectMethodsByGroup() took 1 ms.
17:18:37.242 [main] INFO  org.testng.internal.Utils - [Utils] MethodGroupsHelper.sortMethods() took 0 ms.
17:18:37.251 [main] INFO  org.testng.internal.Utils - [Utils] MethodGroupsHelper.collectMethodsByGroup() took 0 ms.
17:18:37.251 [main] INFO  org.testng.internal.Utils - [Utils] MethodGroupsHelper.sortMethods() took 0 ms.
17:18:37.252 [main] INFO  org.testng.internal.Utils - [Utils] MethodGroupsHelper.collectMethodsByGroup() took 0 ms.
17:18:37.252 [main] INFO  org.testng.internal.Utils - [Utils] MethodGroupsHelper.sortMethods() took 0 ms.
17:18:37.265 [main] INFO  org.testng.internal.Utils - [TestNG] Running:
  C:\Users\sidkh\AppData\Local\Temp\testng-eclipse--1812638956\testng-customsuite.xml

17:18:37.281 [main] INFO  org.testng.internal.Utils - [Utils] DynamicGraphHelper.createDynamicGraph() took 5 ms.
17:18:37.460 [main] INFO  org.testng.internal.Utils - [TestNG] Time taken by org.testng.reporters.jq.Main@7859e786: 77 ms
17:18:37.483 [main] INFO  org.testng.internal.Utils - [TestNG] Time taken by org.testng.reporters.FailedReporter@1fc0053e: 21 ms
17:18:37.502 [main] INFO  org.testng.internal.Utils - [TestNG] Time taken by org.testng.reporters.XMLReporter@7997b197: 18 ms
17:18:37.517 [main] INFO  org.testng.internal.Utils - [TestNG] Time taken by org.testng.reporters.EmailableReporter2@4b6166aa: 15 ms
17:18:37.523 [main] INFO  org.testng.internal.Utils - [TestNG] Time taken by org.testng.reporters.JUnitReportReporter@523424b5: 5 ms
17:18:37.523 [main] INFO  org.testng.internal.Utils - [TestNG] Time taken by org.testng.internal.ExitCodeListener@2baa8d82: 0 ms
17:22:09.215 [main] INFO  org.testng.internal.Utils - [TestNG] Running:
  D:\Selenium_One_Final_Project\Ecommerce_Opencart_Final\Master.xml

17:24:06.577 [main] INFO  org.testng.internal.Utils - [TestNG] Running:
  D:\Selenium_One_Final_Project\Ecommerce_Opencart_Final\Master.xml

17:24:10.252 [main] INFO  testCases.TC001_AccountRegistrationTest - Test Case 001 has started successfully
17:24:10.824 [main] INFO  testCases.TC001_AccountRegistrationTest - Account Registration has started
17:24:12.272 [main] INFO  testCases.TC001_AccountRegistrationTest - TC001 has completed successfully
17:26:23.538 [main] INFO  org.testng.internal.Utils - [TestNG] Running:
  D:\Selenium_One_Final_Project\Ecommerce_Opencart_Final\Master.xml

17:26:26.492 [main] INFO  testCases.TC001_AccountRegistrationTest - Test Case 001 has started successfully
17:26:26.971 [main] INFO  testCases.TC001_AccountRegistrationTest - Account Registration has started
17:26:28.537 [main] INFO  testCases.TC001_AccountRegistrationTest - TC001 has completed successfully
17:41:34.386 [main] INFO  org.testng.internal.Utils - [Utils] MethodGroupsHelper.collectMethodsByGroup() took 0 ms.
17:41:34.391 [main] INFO  org.testng.internal.Utils - [Utils] MethodGroupsHelper.sortMethods() took 1 ms.
17:41:34.395 [main] INFO  org.testng.internal.Utils - [Utils] MethodGroupsHelper.collectMethodsByGroup() took 0 ms.
17:41:34.396 [main] INFO  org.testng.internal.Utils - [Utils] MethodGroupsHelper.sortMethods() took 0 ms.
17:41:34.397 [main] INFO  org.testng.internal.Utils - [Utils] MethodGroupsHelper.collectMethodsByGroup() took 0 ms.
17:41:34.397 [main] INFO  org.testng.internal.Utils - [Utils] MethodGroupsHelper.sortMethods() took 0 ms.
17:41:34.398 [main] INFO  org.testng.internal.Utils - [Utils] MethodGroupsHelper.collectMethodsByGroup() took 0 ms.
17:41:34.398 [main] INFO  org.testng.internal.Utils - [Utils] MethodGroupsHelper.sortMethods() took 0 ms.
17:41:34.402 [main] INFO  org.testng.internal.Utils - [Utils] MethodGroupsHelper.collectMethodsByGroup() took 2 ms.
17:41:34.413 [main] INFO  org.testng.internal.Utils - [Utils] MethodGroupsHelper.sortMethods() took 10 ms.
17:41:34.414 [main] INFO  org.testng.internal.Utils - [Utils] MethodGroupsHelper.collectMethodsByGroup() took 0 ms.
17:41:34.415 [main] INFO  org.testng.internal.Utils - [Utils] MethodGroupsHelper.sortMethods() took 0 ms.
17:41:34.416 [main] INFO  org.testng.internal.Utils - [Utils] MethodGroupsHelper.collectMethodsByGroup() took 0 ms.
17:41:34.416 [main] INFO  org.testng.internal.Utils - [Utils] MethodGroupsHelper.sortMethods() took 0 ms.
17:41:34.416 [main] INFO  org.testng.internal.Utils - [Utils] MethodGroupsHelper.collectMethodsByGroup() took 0 ms.
17:41:34.416 [main] INFO  org.testng.internal.Utils - [Utils] MethodGroupsHelper.sortMethods() took 0 ms.
17:41:34.418 [main] INFO  org.testng.internal.Utils - [Utils] MethodGroupsHelper.collectMethodsByGroup() took 0 ms.
17:41:34.418 [main] INFO  org.testng.internal.Utils - [Utils] MethodGroupsHelper.sortMethods() took 0 ms.
17:41:34.420 [main] INFO  org.testng.internal.Utils - [Utils] MethodGroupsHelper.collectMethodsByGroup() took 0 ms.
17:41:34.420 [main] INFO  org.testng.internal.Utils - [Utils] MethodGroupsHelper.sortMethods() took 0 ms.
17:41:34.423 [main] INFO  org.testng.internal.Utils - [Utils] MethodGroupsHelper.collectMethodsByGroup() took 0 ms.
17:41:34.423 [main] INFO  org.testng.internal.Utils - [Utils] MethodGroupsHelper.sortMethods() took 0 ms.
17:41:34.423 [main] INFO  org.testng.internal.Utils - [Utils] MethodGroupsHelper.collectMethodsByGroup() took 0 ms.
17:41:34.423 [main] INFO  org.testng.internal.Utils - [Utils] MethodGroupsHelper.sortMethods() took 0 ms.
17:41:34.425 [main] INFO  org.testng.internal.Utils - [Utils] MethodGroupsHelper.collectMethodsByGroup() took 1 ms.
17:41:34.425 [main] INFO  org.testng.internal.Utils - [Utils] MethodGroupsHelper.sortMethods() took 0 ms.
17:41:34.427 [main] INFO  org.testng.internal.Utils - [Utils] MethodGroupsHelper.collectMethodsByGroup() took 0 ms.
17:41:34.432 [main] INFO  org.testng.internal.Utils - [Utils] MethodGroupsHelper.sortMethods() took 0 ms.
17:41:34.433 [main] INFO  org.testng.internal.Utils - [Utils] MethodGroupsHelper.collectMethodsByGroup() took 0 ms.
17:41:34.433 [main] INFO  org.testng.internal.Utils - [Utils] MethodGroupsHelper.sortMethods() took 0 ms.
17:41:34.442 [main] INFO  org.testng.internal.Utils - [TestNG] Running:
  C:\Users\sidkh\AppData\Local\Temp\testng-eclipse-295765282\testng-customsuite.xml

17:41:34.466 [main] INFO  org.testng.internal.Utils - [Utils] DynamicGraphHelper.createDynamicGraph() took 5 ms.
17:41:34.647 [main] INFO  org.testng.internal.Utils - [TestNG] Time taken by org.testng.reporters.jq.Main@3a1d593e: 83 ms
17:41:34.658 [main] INFO  org.testng.internal.Utils - [TestNG] Time taken by org.testng.reporters.FailedReporter@7bf9b098: 10 ms
17:41:34.683 [main] INFO  org.testng.internal.Utils - [TestNG] Time taken by org.testng.reporters.XMLReporter@5cc69cfe: 25 ms
17:41:34.698 [main] INFO  org.testng.internal.Utils - [TestNG] Time taken by org.testng.reporters.EmailableReporter2@f19c9d2: 14 ms
17:41:34.705 [main] INFO  org.testng.internal.Utils - [TestNG] Time taken by org.testng.reporters.JUnitReportReporter@4a067c25: 7 ms
17:41:34.705 [main] INFO  org.testng.internal.Utils - [TestNG] Time taken by org.testng.internal.ExitCodeListener@a1217f9: 0 ms
17:43:43.571 [main] INFO  org.testng.internal.Utils - [Utils] MethodGroupsHelper.collectMethodsByGroup() took 1 ms.
17:43:43.579 [main] INFO  org.testng.internal.Utils - [Utils] MethodGroupsHelper.sortMethods() took 4 ms.
17:43:43.582 [main] INFO  org.testng.internal.Utils - [Utils] MethodGroupsHelper.collectMethodsByGroup() took 0 ms.
17:43:43.582 [main] INFO  org.testng.internal.Utils - [Utils] MethodGroupsHelper.sortMethods() took 0 ms.
17:43:43.584 [main] INFO  org.testng.internal.Utils - [Utils] MethodGroupsHelper.collectMethodsByGroup() took 0 ms.
17:43:43.584 [main] INFO  org.testng.internal.Utils - [Utils] MethodGroupsHelper.sortMethods() took 0 ms.
17:43:43.584 [main] INFO  org.testng.internal.Utils - [Utils] MethodGroupsHelper.collectMethodsByGroup() took 0 ms.
17:43:43.585 [main] INFO  org.testng.internal.Utils - [Utils] MethodGroupsHelper.sortMethods() took 1 ms.
17:43:43.590 [main] INFO  org.testng.internal.Utils - [Utils] MethodGroupsHelper.collectMethodsByGroup() took 2 ms.
17:43:43.603 [main] INFO  org.testng.internal.Utils - [Utils] MethodGroupsHelper.sortMethods() took 12 ms.
17:43:43.605 [main] INFO  org.testng.internal.Utils - [Utils] MethodGroupsHelper.collectMethodsByGroup() took 0 ms.
17:43:43.606 [main] INFO  org.testng.internal.Utils - [Utils] MethodGroupsHelper.sortMethods() took 0 ms.
17:43:43.607 [main] INFO  org.testng.internal.Utils - [Utils] MethodGroupsHelper.collectMethodsByGroup() took 0 ms.
17:43:43.607 [main] INFO  org.testng.internal.Utils - [Utils] MethodGroupsHelper.sortMethods() took 0 ms.
17:43:43.607 [main] INFO  org.testng.internal.Utils - [Utils] MethodGroupsHelper.collectMethodsByGroup() took 0 ms.
17:43:43.608 [main] INFO  org.testng.internal.Utils - [Utils] MethodGroupsHelper.sortMethods() took 0 ms.
17:43:43.610 [main] INFO  org.testng.internal.Utils - [Utils] MethodGroupsHelper.collectMethodsByGroup() took 0 ms.
17:43:43.612 [main] INFO  org.testng.internal.Utils - [Utils] MethodGroupsHelper.sortMethods() took 0 ms.
17:43:43.614 [main] INFO  org.testng.internal.Utils - [Utils] MethodGroupsHelper.collectMethodsByGroup() took 0 ms.
17:43:43.614 [main] INFO  org.testng.internal.Utils - [Utils] MethodGroupsHelper.sortMethods() took 0 ms.
17:43:43.618 [main] INFO  org.testng.internal.Utils - [Utils] MethodGroupsHelper.collectMethodsByGroup() took 0 ms.
17:43:43.618 [main] INFO  org.testng.internal.Utils - [Utils] MethodGroupsHelper.sortMethods() took 0 ms.
17:43:43.619 [main] INFO  org.testng.internal.Utils - [Utils] MethodGroupsHelper.collectMethodsByGroup() took 0 ms.
17:43:43.619 [main] INFO  org.testng.internal.Utils - [Utils] MethodGroupsHelper.sortMethods() took 0 ms.
17:43:43.622 [main] INFO  org.testng.internal.Utils - [Utils] MethodGroupsHelper.collectMethodsByGroup() took 0 ms.
17:43:43.623 [main] INFO  org.testng.internal.Utils - [Utils] MethodGroupsHelper.sortMethods() took 1 ms.
17:43:43.629 [main] INFO  org.testng.internal.Utils - [Utils] MethodGroupsHelper.collectMethodsByGroup() took 0 ms.
17:43:43.630 [main] INFO  org.testng.internal.Utils - [Utils] MethodGroupsHelper.sortMethods() took 0 ms.
17:43:43.630 [main] INFO  org.testng.internal.Utils - [Utils] MethodGroupsHelper.collectMethodsByGroup() took 0 ms.
17:43:43.631 [main] INFO  org.testng.internal.Utils - [Utils] MethodGroupsHelper.sortMethods() took 0 ms.
17:43:43.639 [main] INFO  org.testng.internal.Utils - [TestNG] Running:
  C:\Users\sidkh\AppData\Local\Temp\testng-eclipse-1972864956\testng-customsuite.xml

17:43:43.656 [main] INFO  org.testng.internal.Utils - [Utils] DynamicGraphHelper.createDynamicGraph() took 3 ms.
17:43:43.840 [main] INFO  org.testng.internal.Utils - [TestNG] Time taken by org.testng.reporters.jq.Main@285d851a: 74 ms
17:43:43.857 [main] INFO  org.testng.internal.Utils - [TestNG] Time taken by org.testng.reporters.FailedReporter@290b1b2e: 15 ms
17:43:43.874 [main] INFO  org.testng.internal.Utils - [TestNG] Time taken by org.testng.reporters.XMLReporter@11dee337: 15 ms
17:43:43.890 [main] INFO  org.testng.internal.Utils - [TestNG] Time taken by org.testng.reporters.EmailableReporter2@a77614d: 16 ms
17:43:43.899 [main] INFO  org.testng.internal.Utils - [TestNG] Time taken by org.testng.reporters.JUnitReportReporter@2baa8d82: 8 ms
17:43:43.900 [main] INFO  org.testng.internal.Utils - [TestNG] Time taken by org.testng.internal.ExitCodeListener@319dead1: 1 ms
17:47:14.272 [main] INFO  org.testng.internal.Utils - [Utils] MethodGroupsHelper.collectMethodsByGroup() took 0 ms.
17:47:14.278 [main] INFO  org.testng.internal.Utils - [Utils] MethodGroupsHelper.sortMethods() took 2 ms.
17:47:14.280 [main] INFO  org.testng.internal.Utils - [Utils] MethodGroupsHelper.collectMethodsByGroup() took 0 ms.
17:47:14.281 [main] INFO  org.testng.internal.Utils - [Utils] MethodGroupsHelper.sortMethods() took 0 ms.
17:47:14.281 [main] INFO  org.testng.internal.Utils - [Utils] MethodGroupsHelper.collectMethodsByGroup() took 0 ms.
17:47:14.282 [main] INFO  org.testng.internal.Utils - [Utils] MethodGroupsHelper.sortMethods() took 0 ms.
17:47:14.282 [main] INFO  org.testng.internal.Utils - [Utils] MethodGroupsHelper.collectMethodsByGroup() took 0 ms.
17:47:14.282 [main] INFO  org.testng.internal.Utils - [Utils] MethodGroupsHelper.sortMethods() took 0 ms.
17:47:14.287 [main] INFO  org.testng.internal.Utils - [Utils] MethodGroupsHelper.collectMethodsByGroup() took 2 ms.
17:47:14.301 [main] INFO  org.testng.internal.Utils - [Utils] MethodGroupsHelper.sortMethods() took 13 ms.
17:47:14.303 [main] INFO  org.testng.internal.Utils - [Utils] MethodGroupsHelper.collectMethodsByGroup() took 0 ms.
17:47:14.304 [main] INFO  org.testng.internal.Utils - [Utils] MethodGroupsHelper.sortMethods() took 1 ms.
17:47:14.304 [main] INFO  org.testng.internal.Utils - [Utils] MethodGroupsHelper.collectMethodsByGroup() took 0 ms.
17:47:14.305 [main] INFO  org.testng.internal.Utils - [Utils] MethodGroupsHelper.sortMethods() took 0 ms.
17:47:14.305 [main] INFO  org.testng.internal.Utils - [Utils] MethodGroupsHelper.collectMethodsByGroup() took 0 ms.
17:47:14.305 [main] INFO  org.testng.internal.Utils - [Utils] MethodGroupsHelper.sortMethods() took 0 ms.
17:47:14.307 [main] INFO  org.testng.internal.Utils - [Utils] MethodGroupsHelper.collectMethodsByGroup() took 0 ms.
17:47:14.307 [main] INFO  org.testng.internal.Utils - [Utils] MethodGroupsHelper.sortMethods() took 0 ms.
17:47:14.308 [main] INFO  org.testng.internal.Utils - [Utils] MethodGroupsHelper.collectMethodsByGroup() took 0 ms.
17:47:14.308 [main] INFO  org.testng.internal.Utils - [Utils] MethodGroupsHelper.sortMethods() took 0 ms.
17:47:14.312 [main] INFO  org.testng.internal.Utils - [Utils] MethodGroupsHelper.collectMethodsByGroup() took 0 ms.
17:47:14.312 [main] INFO  org.testng.internal.Utils - [Utils] MethodGroupsHelper.sortMethods() took 0 ms.
17:47:14.313 [main] INFO  org.testng.internal.Utils - [Utils] MethodGroupsHelper.collectMethodsByGroup() took 0 ms.
17:47:14.313 [main] INFO  org.testng.internal.Utils - [Utils] MethodGroupsHelper.sortMethods() took 0 ms.
17:47:14.319 [main] INFO  org.testng.internal.Utils - [Utils] MethodGroupsHelper.collectMethodsByGroup() took 4 ms.
17:47:14.320 [main] INFO  org.testng.internal.Utils - [Utils] MethodGroupsHelper.sortMethods() took 0 ms.
17:47:14.322 [main] INFO  org.testng.internal.Utils - [Utils] MethodGroupsHelper.collectMethodsByGroup() took 0 ms.
17:47:14.322 [main] INFO  org.testng.internal.Utils - [Utils] MethodGroupsHelper.sortMethods() took 0 ms.
17:47:14.323 [main] INFO  org.testng.internal.Utils - [Utils] MethodGroupsHelper.collectMethodsByGroup() took 0 ms.
17:47:14.323 [main] INFO  org.testng.internal.Utils - [Utils] MethodGroupsHelper.sortMethods() took 0 ms.
17:47:14.333 [main] INFO  org.testng.internal.Utils - [TestNG] Running:
  C:\Users\sidkh\AppData\Local\Temp\testng-eclipse-1075921681\testng-customsuite.xml

17:47:14.352 [main] INFO  org.testng.internal.Utils - [Utils] DynamicGraphHelper.createDynamicGraph() took 4 ms.
17:47:14.555 [main] INFO  org.testng.internal.Utils - [TestNG] Time taken by org.testng.reporters.jq.Main@3a1d593e: 79 ms
17:47:14.579 [main] INFO  org.testng.internal.Utils - [TestNG] Time taken by org.testng.reporters.FailedReporter@7bf9b098: 21 ms
17:47:14.593 [main] INFO  org.testng.internal.Utils - [TestNG] Time taken by org.testng.reporters.XMLReporter@5cc69cfe: 14 ms
17:47:14.614 [main] INFO  org.testng.internal.Utils - [TestNG] Time taken by org.testng.reporters.EmailableReporter2@f19c9d2: 20 ms
17:47:14.620 [main] INFO  org.testng.internal.Utils - [TestNG] Time taken by org.testng.reporters.JUnitReportReporter@4a067c25: 6 ms
17:47:14.620 [main] INFO  org.testng.internal.Utils - [TestNG] Time taken by org.testng.internal.ExitCodeListener@a1217f9: 0 ms
17:48:23.270 [main] INFO  org.testng.internal.Utils - [Utils] MethodGroupsHelper.collectMethodsByGroup() took 1 ms.
17:48:23.275 [main] INFO  org.testng.internal.Utils - [Utils] MethodGroupsHelper.sortMethods() took 0 ms.
17:48:23.277 [main] INFO  org.testng.internal.Utils - [Utils] MethodGroupsHelper.collectMethodsByGroup() took 0 ms.
17:48:23.278 [main] INFO  org.testng.internal.Utils - [Utils] MethodGroupsHelper.sortMethods() took 1 ms.
17:48:23.279 [main] INFO  org.testng.internal.Utils - [Utils] MethodGroupsHelper.collectMethodsByGroup() took 0 ms.
17:48:23.279 [main] INFO  org.testng.internal.Utils - [Utils] MethodGroupsHelper.sortMethods() took 0 ms.
17:48:23.280 [main] INFO  org.testng.internal.Utils - [Utils] MethodGroupsHelper.collectMethodsByGroup() took 0 ms.
17:48:23.280 [main] INFO  org.testng.internal.Utils - [Utils] MethodGroupsHelper.sortMethods() took 0 ms.
17:48:23.285 [main] INFO  org.testng.internal.Utils - [Utils] MethodGroupsHelper.collectMethodsByGroup() took 2 ms.
17:48:23.296 [main] INFO  org.testng.internal.Utils - [Utils] MethodGroupsHelper.sortMethods() took 10 ms.
17:48:23.298 [main] INFO  org.testng.internal.Utils - [Utils] MethodGroupsHelper.collectMethodsByGroup() took 1 ms.
17:48:23.299 [main] INFO  org.testng.internal.Utils - [Utils] MethodGroupsHelper.sortMethods() took 0 ms.
17:48:23.299 [main] INFO  org.testng.internal.Utils - [Utils] MethodGroupsHelper.collectMethodsByGroup() took 0 ms.
17:48:23.299 [main] INFO  org.testng.internal.Utils - [Utils] MethodGroupsHelper.sortMethods() took 0 ms.
17:48:23.300 [main] INFO  org.testng.internal.Utils - [Utils] MethodGroupsHelper.collectMethodsByGroup() took 0 ms.
17:48:23.300 [main] INFO  org.testng.internal.Utils - [Utils] MethodGroupsHelper.sortMethods() took 0 ms.
17:48:23.302 [main] INFO  org.testng.internal.Utils - [Utils] MethodGroupsHelper.collectMethodsByGroup() took 0 ms.
17:48:23.302 [main] INFO  org.testng.internal.Utils - [Utils] MethodGroupsHelper.sortMethods() took 0 ms.
17:48:23.303 [main] INFO  org.testng.internal.Utils - [Utils] MethodGroupsHelper.collectMethodsByGroup() took 0 ms.
17:48:23.303 [main] INFO  org.testng.internal.Utils - [Utils] MethodGroupsHelper.sortMethods() took 0 ms.
17:48:23.305 [main] INFO  org.testng.internal.Utils - [Utils] MethodGroupsHelper.collectMethodsByGroup() took 0 ms.
17:48:23.306 [main] INFO  org.testng.internal.Utils - [Utils] MethodGroupsHelper.sortMethods() took 0 ms.
17:48:23.306 [main] INFO  org.testng.internal.Utils - [Utils] MethodGroupsHelper.collectMethodsByGroup() took 0 ms.
17:48:23.306 [main] INFO  org.testng.internal.Utils - [Utils] MethodGroupsHelper.sortMethods() took 0 ms.
17:48:23.308 [main] INFO  org.testng.internal.Utils - [Utils] MethodGroupsHelper.collectMethodsByGroup() took 1 ms.
17:48:23.310 [main] INFO  org.testng.internal.Utils - [Utils] MethodGroupsHelper.sortMethods() took 1 ms.
17:48:23.316 [main] INFO  org.testng.internal.Utils - [Utils] MethodGroupsHelper.collectMethodsByGroup() took 0 ms.
17:48:23.316 [main] INFO  org.testng.internal.Utils - [Utils] MethodGroupsHelper.sortMethods() took 0 ms.
17:48:23.316 [main] INFO  org.testng.internal.Utils - [Utils] MethodGroupsHelper.collectMethodsByGroup() took 0 ms.
17:48:23.316 [main] INFO  org.testng.internal.Utils - [Utils] MethodGroupsHelper.sortMethods() took 0 ms.
17:48:23.325 [main] INFO  org.testng.internal.Utils - [TestNG] Running:
  C:\Users\sidkh\AppData\Local\Temp\testng-eclipse--2010641265\testng-customsuite.xml

17:48:23.343 [main] INFO  org.testng.internal.Utils - [Utils] DynamicGraphHelper.createDynamicGraph() took 3 ms.
17:48:23.524 [main] INFO  org.testng.internal.Utils - [TestNG] Time taken by org.testng.reporters.jq.Main@3a1d593e: 74 ms
17:48:23.550 [main] INFO  org.testng.internal.Utils - [TestNG] Time taken by org.testng.reporters.FailedReporter@7bf9b098: 25 ms
17:48:23.567 [main] INFO  org.testng.internal.Utils - [TestNG] Time taken by org.testng.reporters.XMLReporter@5cc69cfe: 16 ms
17:48:23.582 [main] INFO  org.testng.internal.Utils - [TestNG] Time taken by org.testng.reporters.EmailableReporter2@f19c9d2: 14 ms
17:48:23.589 [main] INFO  org.testng.internal.Utils - [TestNG] Time taken by org.testng.reporters.JUnitReportReporter@4a067c25: 7 ms
17:48:23.590 [main] INFO  org.testng.internal.Utils - [TestNG] Time taken by org.testng.internal.ExitCodeListener@a1217f9: 0 ms
17:52:24.996 [main] INFO  org.testng.internal.Utils - [TestNG] Running:
  D:\Selenium_One_Final_Project\Ecommerce_Opencart_Final\Master.xml

16:33:32.727 [main] INFO  org.testng.internal.Utils - [TestNG] Running:
  D:\Selenium_One_Final_Project\Ecommerce_Opencart_Final\Master.xml

16:38:32.801 [main] INFO  org.testng.internal.Utils - [TestNG] Running:
  D:\Selenium_One_Final_Project\Ecommerce_Opencart_Final\Master.xml

16:39:10.292 [main] INFO  org.testng.internal.Utils - [TestNG] Running:
  D:\Selenium_One_Final_Project\Ecommerce_Opencart_Final\Master.xml

16:40:19.005 [main] INFO  org.testng.internal.Utils - [TestNG] Running:
  D:\Selenium_One_Final_Project\Ecommerce_Opencart_Final\Master.xml

17:11:42.556 [main] INFO  org.testng.internal.Utils - [TestNG] Running:
  D:\Selenium_One_Final_Project\Ecommerce_Opencart_Final\Master.xml

17:15:27.116 [main] INFO  org.testng.internal.Utils - [TestNG] Running:
  D:\Selenium_One_Final_Project\Ecommerce_Opencart_Final\Master.xml

17:28:43.898 [main] INFO  org.testng.internal.Utils - [TestNG] Running:
  D:\Selenium_One_Final_Project\Ecommerce_Opencart_Final\Master.xml

17:34:29.360 [main] INFO  org.testng.internal.Utils - [TestNG] Running:
  D:\Selenium_One_Final_Project\Ecommerce_Opencart_Final\Master.xml

17:41:08.540 [main] INFO  org.testng.internal.Utils - [TestNG] Running:
  D:\Selenium_One_Final_Project\Ecommerce_Opencart_Final\Master.xml

17:46:10.551 [main] INFO  org.testng.internal.Utils - [TestNG] Running:
  D:\Selenium_One_Final_Project\Ecommerce_Opencart_Final\Master2.xml

14:05:15.860 [main] INFO  org.testng.internal.Utils - [TestNG] Running:
  D:\Selenium_One_Final_Project\Ecommerce_Opencart_Final\Master.xml

14:13:47.065 [main] INFO  org.testng.internal.Utils - [TestNG] Running:
  D:\Selenium_One_Final_Project\Ecommerce_Opencart_Final\groupingtest.xml

14:14:32.148 [main] INFO  org.testng.internal.Utils - [TestNG] Running:
  D:\Selenium_One_Final_Project\Ecommerce_Opencart_Final\groupingtest.xml

14:16:41.776 [main] INFO  org.testng.internal.Utils - [TestNG] Running:
  D:\Selenium_One_Final_Project\Ecommerce_Opencart_Final\groupingtest.xml

14:16:48.529 [main] INFO  testCases.TC001_AccountRegistrationTest - Test Case 001 has started successfully
14:16:48.975 [main] INFO  testCases.TC001_AccountRegistrationTest - Account Registration has started
14:16:50.350 [main] INFO  testCases.TC001_AccountRegistrationTest - TC001 has completed successfully
14:38:44.291 [main] INFO  org.testng.internal.Utils - [TestNG] Running:
  D:\Selenium_One_Final_Project\Ecommerce_Opencart_Final\ExtentReport.xml

15:14:37.897 [main] INFO  org.testng.internal.Utils - [TestNG] Running:
  D:\Selenium_One_Final_Project\Ecommerce_Opencart_Final\Master2.xml

16:12:48.759 [main] INFO  org.testng.internal.Utils - [TestNG] Running:
  D:\Selenium_One_Final_Project\Ecommerce_Opencart_Final\DockerGridSetUp.xml

16:37:21.035 [main] INFO  org.testng.internal.Utils - [TestNG] Running:
  D:\Selenium_One_Final_Project\Ecommerce_Opencart_Final\DockerGridSetUp.xml

